<?xml version="1.0" encoding="UTF-8"?>
<testng-results ignored="0" total="2" passed="2" failed="0" skipped="0">
  <reporter-output>
  </reporter-output>
  <suite started-at="2023-09-21T10:55:00 IST" name="Suite" finished-at="2023-09-21T10:55:00 IST" duration-ms="92">
    <groups>
    </groups>
    <test started-at="2023-09-21T10:55:00 IST" name="Test" finished-at="2023-09-21T10:55:00 IST" duration-ms="92">
      <class name="test.MultTest">
        <test-method signature="mul()[pri:0, instance:test.MultTest@67f639d3]" started-at="2023-09-21T10:55:00 IST" name="mul" finished-at="2023-09-21T10:55:00 IST" duration-ms="3" status="PASS">
          <reporter-output>
          </reporter-output>
        </test-method> <!-- mul -->
        <test-method is-config="true" signature="openUrl()[pri:0, instance:test.MultTest@67f639d3]" started-at="2023-09-21T10:55:00 IST" name="openUrl" finished-at="2023-09-21T10:55:00 IST" duration-ms="0" status="PASS">
          <reporter-output>
          </reporter-output>
        </test-method> <!-- openUrl -->
        <test-method is-config="true" signature="close()[pri:0, instance:test.MultTest@67f639d3]" started-at="2023-09-21T10:55:00 IST" name="close" finished-at="2023-09-21T10:55:00 IST" duration-ms="0" status="PASS">
          <reporter-output>
          </reporter-output>
        </test-method> <!-- close -->
      </class> <!-- test.MultTest -->
      <class name="test.AddTest">
        <test-method is-config="true" signature="openUrl()[pri:0, instance:test.AddTest@2f217633]" started-at="2023-09-21T10:55:00 IST" name="openUrl" finished-at="2023-09-21T10:55:00 IST" duration-ms="8" status="PASS">
          <reporter-output>
          </reporter-output>
        </test-method> <!-- openUrl -->
        <test-method signature="add()[pri:0, instance:test.AddTest@2f217633]" started-at="2023-09-21T10:55:00 IST" name="add" finished-at="2023-09-21T10:55:00 IST" duration-ms="10" status="PASS">
          <reporter-output>
          </reporter-output>
        </test-method> <!-- add -->
        <test-method is-config="true" signature="close()[pri:0, instance:test.AddTest@2f217633]" started-at="2023-09-21T10:55:00 IST" name="close" finished-at="2023-09-21T10:55:00 IST" duration-ms="1" status="PASS">
          <reporter-output>
          </reporter-output>
        </test-method> <!-- close -->
      </class> <!-- test.AddTest -->
    </test> <!-- Test -->
  </suite> <!-- Suite -->
</testng-results>
